
23-03-2025_04:06:31 GET /
23-03-2025_04:06:41 GET /contacts
23-03-2025_04:18:17 GET /contacts/ffd
23-03-2025_04:18:23 GET /contacts
23-03-2025_04:18:25 GET /fdfd
23-03-2025_04:18:47 GET /fdfd
23-03-2025_04:18:50 GET /
23-03-2025_04:18:56 GET /ddsds
23-03-2025_04:18:59 GET /contacts
23-03-2025_04:19:04 GET //dsdsds
23-03-2025_04:19:15 GET /
23-03-2025_04:46:06 GET /products
23-03-2025_04:46:06 GET /products
23-03-2025_04:46:06 GET /products
23-03-2025_04:46:07 GET /products
23-03-2025_04:46:07 GET /products
23-03-2025_04:46:07 GET /products
23-03-2025_04:46:07 GET /products
23-03-2025_04:46:07 GET /products
23-03-2025_04:46:07 GET /products
23-03-2025_04:46:08 GET /products
23-03-2025_04:46:08 GET /products
23-03-2025_04:46:08 GET /products
23-03-2025_04:46:08 GET /products
23-03-2025_04:46:08 GET /products
23-03-2025_04:46:08 GET /products
23-03-2025_04:46:09 GET /products
23-03-2025_04:46:09 GET /products
23-03-2025_04:46:09 GET /products
23-03-2025_04:46:10 GET /products
23-03-2025_04:46:10 GET /products
23-03-2025_04:46:11 GET /products
23-03-2025_04:46:11 GET /products
23-03-2025_04:46:12 GET /products
23-03-2025_04:46:12 GET /products
23-03-2025_04:46:12 GET /products
23-03-2025_04:46:13 GET /products
23-03-2025_04:46:13 GET /products
23-03-2025_04:46:13 GET /products
23-03-2025_04:46:14 GET /products
23-03-2025_04:46:14 GET /products
23-03-2025_04:46:14 GET /products
23-03-2025_04:46:15 GET /products
23-03-2025_04:46:16 GET /products
23-03-2025_04:46:16 GET /products
23-03-2025_04:46:16 GET /products
23-03-2025_04:46:17 GET /products
23-03-2025_04:46:17 GET /products
23-03-2025_04:46:17 GET /products
23-03-2025_04:46:18 GET /products
23-03-2025_04:46:18 GET /products
23-03-2025_04:46:19 GET /products
23-03-2025_04:46:19 GET /products
23-03-2025_04:46:19 GET /products
23-03-2025_04:46:20 GET /products
23-03-2025_04:46:20 GET /products
23-03-2025_04:46:20 GET /products
23-03-2025_04:46:21 GET /products
23-03-2025_04:46:21 GET /products
23-03-2025_04:46:21 GET /products
23-03-2025_04:46:22 GET /products
23-03-2025_04:46:22 GET /products
23-03-2025_04:46:22 GET /products
23-03-2025_04:46:23 GET /products
23-03-2025_04:46:23 GET /products
23-03-2025_04:46:23 GET /products
23-03-2025_04:46:24 GET /products
23-03-2025_04:46:24 GET /products
23-03-2025_04:46:24 GET /products
23-03-2025_04:46:25 GET /products
23-03-2025_04:46:25 GET /products
23-03-2025_04:46:26 GET /products
23-03-2025_04:46:26 GET /products